*-*-*-*-*-*-*-*-PPCPW*-*-*-*-*-*-*-*-
Conformer optimized successfully,if coverage_state equal 0. 
coverage_state,conformer_energy
0,114.42960020799902
0,113.38515661115854
0,130.30764646207385
0,143.4407278548357
0,119.1843436327871
0,123.6670060947015
0,111.94520593250931
0,118.60489845076197
0,131.60934785269245
0,115.94892593229235
0,119.46504710022909
0,134.76576499159054
0,114.58686889056148
0,118.20292946246018
0,115.44127457401578
0,149.671501532289
0,110.99044883918411
0,110.72802763992598
1,106.1672201855556
0,119.1227812760518
0,113.83429352902289
0,121.7832906019102
0,136.03997337442507
0,105.80053792177452
0,112.36057746370199
0,117.7402089579936
0,136.51116259407803
0,104.44957676378874
0,114.01434326797386
0,112.47637317218293
0,107.93081457552535
0,129.97291817123866
0,137.87655503491766
0,120.64048823319516
0,116.18820673660429
0,122.55214239006129
0,120.69306108687636
0,108.01007094114397
0,114.77790006972145
0,110.65494554359519
0,114.49441907254078
1,105.02118096356581
0,122.63957870213511
0,111.7658968012887
0,115.94728437308245
0,129.1486054890321
0,102.17158820138557
0,108.66380024136076
0,113.91895489833065
0,113.57704492651543
0,109.23437419448916
0,104.57662141159965
0,108.41168794177156
0,114.07401167871772
0,116.16392844197074
0,127.9486725854284
0,133.49465429831477
0,109.36348892299581
0,127.89459914793389
0,119.44666984778664
0,132.94093780704267
0,139.89730398278834
0,130.91040055950097
0,114.14242968696401
0,129.96915404491637
0,119.9525286524421
0,143.82666954216697
0,128.550054451582
0,116.77337409546024
0,113.39217993598086
0,115.7800634035007
0,129.7933191484212
0,112.30429788529771
0,114.62658991682157
0,110.97512143169327
0,110.12914368662302
0,114.42596812675703
0,120.56977915367426
0,113.10299447430765
0,134.1208020245522
0,117.5928142241248
0,109.09427125793827
0,125.31920153563524
0,116.52678694843542
0,115.60606930240013
0,118.21016682623653
0,109.19724444855723
0,151.77614410153274
0,117.30960038923834
0,120.1206066954331
0,112.8266193464997
0,113.40947151303145
0,119.47025627336876
0,113.52748032029429
0,125.48197697767162
0,129.4955377397608
0,119.94554136937562
0,115.63674290410655
0,112.74702423765042
0,107.81278049840631
0,116.86848041705004
0,115.75807933604756
0,111.52314140488967
0,115.0191219793449
0,105.07369080386539
0,116.08575018757713
0,114.51300118203254
0,117.8731184429473
0,133.76389325043124
0,135.30320704889067
0,113.50723702456314
0,113.55341255366733
0,115.99027357958039
0,106.30926198568272
0,110.73499793955393
0,121.67972974273911
0,116.06601423603651
0,103.17352626401461
0,123.39782942073936
0,115.15606784356558
0,102.94855424618827
0,121.32529441428933
0,132.29704391878704
0,130.5323279647455
0,105.17973282937464
0,111.69140917166388
0,105.30766697087353
0,129.2616132836303
0,102.0581998716117
0,115.85467598572176
0,114.49014930425456
0,105.68590246973041
0,113.51309045100487
0,128.01714734616735
0,110.99849575285019
0,115.92136792760842
0,106.5623401518747
0,102.33607661719077
0,120.43159027629734
0,116.23965515815881
0,106.33290082970832
0,126.0141711996096
0,121.73330613071377
0,112.28021156013202
0,109.92957049358088
0,147.1879982488113
0,130.7452990513822
0,136.31780640243812
0,113.19644862376508
0,112.55818621956534
0,106.5907168674333
0,117.87454788364126
0,116.8636844658204
0,113.05794734589975
0,113.51022015224808
0,128.23635289997026
0,115.99027382909567
0,121.19154141203568
0,115.4729263847824
0,117.98675244330563
0,112.22838444382572
0,115.809786263707
0,128.23635411984264
0,123.37592050928991
0,110.5153939865836
0,106.41520470763376
0,118.17013495835074
0,109.25663183702075
0,135.20379330947145
0,108.42936208794788
0,114.6108562580693
0,115.5791027592743
0,132.67790126402866
0,114.45188207506231
0,140.02613198937485
0,106.51648593087721
0,119.00012112641153
0,114.43417538656854
0,107.26940986313876
0,133.54096336682798
0,116.56884165653034
0,112.44861008639128
0,114.34476856284024
0,115.5736695879755
0,119.30142958425802
0,109.41279547101554
0,117.19149109648676
0,114.20864324876499
0,112.9665649359189
0,111.1594129620153
0,118.57974530153218
0,108.23844344983485
0,119.62875397658011
0,113.39884822127021
0,113.0015688762859
0,114.71974560453077
0,113.39471129470635
0,110.97349024735432
0,105.27361285410286
0,106.45076826314298

*-*-*-*-*-*-*-*-VVCTY*-*-*-*-*-*-*-*-
Conformer optimized successfully,if coverage_state equal 0. 
coverage_state,conformer_energy
0,100.62925727822206
0,101.69441064061989
0,105.98101589779466
0,105.90122802219462
0,112.33887015338172
0,97.72856663526022
0,105.31464662424216
0,104.15484408690264
0,103.85811883273864
0,105.08018831770444
0,107.0511180934216
0,105.40161066807963
0,102.78239001448469
0,108.08989939266877
0,112.83715907327826
0,101.29664084445113
0,100.82582554664262
0,104.5566168371835
0,100.2697138970432
0,103.5081549845674
0,100.54676435508908
0,112.2119932780054
0,106.46442740438964
0,113.98855335063396
0,105.70815872175892
0,114.14449884284625
0,110.65966713485253
0,102.73175892985039
0,93.44044928266219
0,102.53461093824131
0,100.8875295422953
0,106.08973552713174
0,107.27297486234046
0,103.862434056434
0,100.0147603066847
0,103.77490311469684
0,109.9091679240991
0,98.65294532973738
0,105.63400375937248
0,102.4323334629047
0,104.76249241308881
0,103.71499344783184
0,103.80874243805923
0,106.98796163138533
0,103.86827791362461
0,99.32911456873589
0,98.8353396142373
0,106.31998476692763
0,109.74732503133848
0,107.49513543101665
0,107.37937088632587
0,102.43284409305917
0,99.91705321437198
0,103.93572328872887
0,101.53128813776989
0,109.47895365525378
0,98.59364777414163
0,92.82090860009008
0,106.44905712614357
0,97.80849747748401
0,101.55584729612218
0,101.26196836447063
0,106.43615321527518
0,92.39665190110208
0,101.89644442202636
0,101.54607914447776
0,107.11139798708933
0,103.8932517233068
0,107.5404544016012
0,98.41233648436855
0,100.10432715465214
0,105.46722593355089
0,103.82045046939868
0,115.41710014974572
0,105.23497859779717
0,105.48416908032348
0,103.53629527937872
0,97.16026603171075
0,111.05733656558846
0,107.37751871610779
0,104.30971585830717
0,105.86924638671917
0,106.9395331351415
0,111.826078875766
0,104.88120273570757
0,99.70194902562514
0,106.22303113882845
0,105.43895903002135
0,105.34452531995957
0,103.04514972294203
0,100.0310026745128
0,104.56621451853692
0,96.93284089203794
0,103.22335946715037
0,100.27460412064407
0,103.40466272117531
0,99.97739761653837
0,102.70180392094561
0,101.57045711736384
0,100.56030710847628
0,106.16451396028437
0,102.96049965271773
0,115.58142990095467
0,107.04666795921175
0,105.22722133983146
0,98.84304782290866
0,105.94246290545567
0,107.18626862283234
0,102.99609860512318
0,106.48443706528602
0,102.8689112623301
0,103.05654178597435
0,114.60428280963353
0,101.85682812318056
0,104.07381894818694
0,102.13467341573289
0,104.30925466216524
0,103.56124342735747
0,105.51794694988561
0,104.94289249197867
0,107.84630093594559
0,107.79525887259236
0,106.49416891590627
0,100.21819810634709
0,103.91661021439069
0,112.04038050592327
0,104.46720796515716
0,104.27254817810696
0,99.68934990155205
0,106.96634500406748
0,102.82999654505912
0,108.7635130622312
0,111.50226226697788
0,102.76667546202097
0,103.94786124675954
0,104.01997575715455
0,115.28495266952906
0,101.64591493167845
0,97.42647749048017
0,107.48964828932124
0,110.9862448119941
0,104.52843952879326
0,99.02623854990968
0,105.97844223914852
0,91.56866430765352
0,111.63684750432499
0,107.47747562667149
0,106.03531731029734
0,100.76223542669004
0,104.8415623818114
0,106.59698556588111
0,105.05131844652901
0,103.42668734955264
0,105.70922944812082
0,107.79215969465263
0,102.92532836749477
0,103.47080041705614
0,101.16614635376564
0,101.08770901826698
0,102.38698736562375
0,106.0834097322522
0,100.34228446119388
0,99.43731363693958
0,102.55654601051367
0,110.0087239247294
0,111.51611523570195
0,100.09398663431324
0,114.91299689525437
0,103.44077322128436
0,107.75716339040156
0,104.0021236719423
0,105.74933650975531
0,101.65617582679228
0,105.70431250940841
0,120.64434102524501
0,104.82534973269573
0,102.45823816439888
0,101.75003363151373
0,99.65210608734048
0,100.51402273988684
0,102.64659147165247
0,108.12056867806717
0,96.65647095802171
0,107.13180078866468
0,106.85383380801665
0,104.43767524428507
0,102.51116087887195
0,105.9177316966799
0,103.26865286353288
0,106.85410995619549
0,103.11451522768827
0,105.44882213358338
0,107.13414566894855
0,100.60119329432793
0,102.13487767093179
0,101.81268619662197
0,106.52941204810949
0,104.13113550318732
0,102.0485868549456
0,109.82208961625365

